<?xml version="1.0" encoding="UTF-8"?>
<!-- Generated by org.testng.reporters.JUnitReportReporter -->
<testsuite hostname="LAPTOP-B8TJUCIE" failures="0" tests="1" name="com.hellohero.testcases.flipkart" time="0.312" errors="0" timestamp="2023-04-05T11:24:12 IST" skipped="0">
  <testcase classname="com.hellohero.testcases.flipkart" name="loginFlipkart" time="0.312"/>
  <system-out/>
</testsuite> <!-- com.hellohero.testcases.flipkart -->
