<?xml version="1.0" encoding="UTF-8"?>
<!-- Generated by org.testng.reporters.JUnitReportReporter -->
<testsuite hostname="LAPTOP-B8TJUCIE" failures="0" tests="1" name="com.hellohero.testcases.TC_LoginPageTest" time="12.363" errors="0" timestamp="2023-04-04T12:25:09 IST" skipped="0">
  <testcase classname="com.hellohero.testcases.TC_LoginPageTest" name="VerifyUserLogin" time="12.363"/>
  <system-out/>
</testsuite> <!-- com.hellohero.testcases.TC_LoginPageTest -->
